<?xml version="1.0" encoding="UTF-8"?>
<testsuite xmlns:xsi="http://www.w3.org/2001/XMLSchema-instance" xsi:noNamespaceSchemaLocation="https://maven.apache.org/surefire/maven-surefire-plugin/xsd/surefire-test-report-3.0.xsd" version="3.0" name="com.onedayoffer.taskdistribution.TaskDistributionApplicationTests" time="3.368" tests="6" errors="0" skipped="0" failures="0">
  <properties>
[...]
</properties>
  <testcase name="shouldReturnAllEmployees" classname="com.onedayoffer.taskdistribution.TaskDistributionApplicationTests" time="0.489">
    <system-out><![CDATA[11:23:44.090 [main] INFO org.springframework.test.context.support.AnnotationConfigContextLoaderUtils -- Could not detect default configuration classes for test class [com.onedayoffer.taskdistribution.TaskDistributionApplicationTests]: TaskDistributionApplicationTests does not declare any static, non-private, non-final, nested classes annotated with @Configuration.
11:23:44.177 [main] INFO org.springframework.boot.test.context.SpringBootTestContextBootstrapper -- Found @SpringBootConfiguration com.onedayoffer.taskdistribution.TaskDistributionApplication for test class com.onedayoffer.taskdistribution.TaskDistributionApplicationTests

  .   ____          _            __ _ _
 /\\ / ___'_ __ _ _(_)_ __  __ _ \ \ \ \
( ( )\___ | '_ | '_| | '_ \/ _` | \ \ \ \
 \\/  ___)| |_)| | | | | || (_| |  ) ) ) )
  '  |____| .__|_| |_|_| |_\__, | / / / /
 =========|_|==============|___/=/_/_/_/
 :: Spring Boot ::                (v3.2.2)

2024-03-23T11:23:44.381+03:00  INFO 26995 --- [           main] c.o.t.TaskDistributionApplicationTests   : Starting TaskDistributionApplicationTests using Java 17.0.10 with PID 26995 (started by me in /home/me/GIT/testTasks/sportmaster/my)
2024-03-23T11:23:44.382+03:00  INFO 26995 --- [           main] c.o.t.TaskDistributionApplicationTests   : No active profile set, falling back to 1 default profile: "default"
2024-03-23T11:23:44.668+03:00  INFO 26995 --- [           main] .s.d.r.c.RepositoryConfigurationDelegate : Bootstrapping Spring Data JPA repositories in DEFAULT mode.
2024-03-23T11:23:44.696+03:00  INFO 26995 --- [           main] .s.d.r.c.RepositoryConfigurationDelegate : Finished Spring Data repository scanning in 22 ms. Found 2 JPA repository interfaces.
2024-03-23T11:23:45.057+03:00  INFO 26995 --- [           main] com.zaxxer.hikari.HikariDataSource       : HikariPool-1 - Starting...
2024-03-23T11:23:45.159+03:00  INFO 26995 --- [           main] com.zaxxer.hikari.pool.HikariPool        : HikariPool-1 - Added connection conn0: url=jdbc:h2:mem:taskdb user=SA
2024-03-23T11:23:45.160+03:00  INFO 26995 --- [           main] com.zaxxer.hikari.HikariDataSource       : HikariPool-1 - Start completed.
2024-03-23T11:23:45.191+03:00  INFO 26995 --- [           main] o.hibernate.jpa.internal.util.LogHelper  : HHH000204: Processing PersistenceUnitInfo [name: default]
2024-03-23T11:23:45.216+03:00  INFO 26995 --- [           main] org.hibernate.Version                    : HHH000412: Hibernate ORM core version 6.4.1.Final
2024-03-23T11:23:45.233+03:00  INFO 26995 --- [           main] o.h.c.internal.RegionFactoryInitiator    : HHH000026: Second-level cache disabled
2024-03-23T11:23:45.370+03:00  INFO 26995 --- [           main] o.s.o.j.p.SpringPersistenceUnitInfo      : No LoadTimeWeaver setup: ignoring JPA class transformer
2024-03-23T11:23:45.393+03:00  WARN 26995 --- [           main] org.hibernate.orm.deprecation            : HHH90000025: H2Dialect does not need to be specified explicitly using 'hibernate.dialect' (remove the property setting and it will be selected by default)
2024-03-23T11:23:45.897+03:00  INFO 26995 --- [           main] o.h.e.t.j.p.i.JtaPlatformInitiator       : HHH000489: No JTA platform available (set 'hibernate.transaction.jta.platform' to enable JTA platform integration)
2024-03-23T11:23:45.921+03:00  INFO 26995 --- [           main] j.LocalContainerEntityManagerFactoryBean : Initialized JPA EntityManagerFactory for persistence unit 'default'
2024-03-23T11:23:46.056+03:00  INFO 26995 --- [           main] o.s.d.j.r.query.QueryEnhancerFactory     : Hibernate is in classpath; If applicable, HQL parser will be used.
2024-03-23T11:23:46.406+03:00  WARN 26995 --- [           main] JpaBaseConfiguration$JpaWebConfiguration : spring.jpa.open-in-view is enabled by default. Therefore, database queries may be performed during view rendering. Explicitly configure spring.jpa.open-in-view to disable this warning
2024-03-23T11:23:46.689+03:00  INFO 26995 --- [           main] o.s.b.t.m.w.SpringBootMockServletContext : Initializing Spring TestDispatcherServlet ''
2024-03-23T11:23:46.690+03:00  INFO 26995 --- [           main] o.s.t.web.servlet.TestDispatcherServlet  : Initializing Servlet ''
2024-03-23T11:23:46.692+03:00  INFO 26995 --- [           main] o.s.t.web.servlet.TestDispatcherServlet  : Completed initialization in 0 ms
2024-03-23T11:23:46.705+03:00  INFO 26995 --- [           main] c.o.t.TaskDistributionApplicationTests   : Started TaskDistributionApplicationTests in 2.454 seconds (process running for 3.014)

MockHttpServletRequest:
      HTTP Method = GET
      Request URI = /employees
       Parameters = {}
          Headers = []
             Body = null
    Session Attrs = {}

Handler:
             Type = com.onedayoffer.taskdistribution.controllers.EmployeeController
           Method = com.onedayoffer.taskdistribution.controllers.EmployeeController#getEmployees(String)

Async:
    Async started = false
     Async result = null

Resolved Exception:
             Type = null

ModelAndView:
        View name = null
             View = null
            Model = null

FlashMap:
       Attributes = null

MockHttpServletResponse:
           Status = 200
    Error message = null
          Headers = [Content-Type:"application/json"]
     Content type = application/json
             Body = [{"fio":"Mark","jobTitle":"storekeeper","tasks":[{"id":1,"name":"task1","taskType":"ACCEPTANCE_OF_GOODS","status":"APPOINTED","priority":1,"leadTime":30},{"id":2,"name":"task2","taskType":"CUSTOMER_ASSISTANCE","status":"IN_PROGRESS","priority":2,"leadTime":5},{"id":3,"name":"task3","taskType":"INVENTORY","status":"IN_PROGRESS","priority":3,"leadTime":15}],"totalLeadTime":50},{"fio":"Pavel","jobTitle":"cashier","tasks":[{"id":4,"name":"task-aa","taskType":"CUSTOMER_ASSISTANCE","status":"DONE","priority":1,"leadTime":15},{"id":5,"name":"task-bb","taskType":"CUSTOMER_ASSISTANCE","status":"DONE","priority":2,"leadTime":15},{"id":6,"name":"new-task-cc","taskType":"INVENTORY","status":"APPOINTED","priority":1,"leadTime":60}],"totalLeadTime":90},{"fio":"Armen","jobTitle":"hall manager","tasks":[{"id":7,"name":"taskA","taskType":"CUSTOMER_ASSISTANCE","status":"IN_PROGRESS","priority":4,"leadTime":15}],"totalLeadTime":15},{"fio":"Boris","jobTitle":"hall employee","tasks":[{"id":8,"name":"task-for-boris-1","taskType":"CUSTOMER_SERVICE","status":"DONE","priority":1,"leadTime":30},{"id":9,"name":"task-for-boris-2","taskType":"ACCEPTANCE_OF_GOODS","status":"DONE","priority":2,"leadTime":25},{"id":10,"name":"task-for-boris-3","taskType":"CUSTOMER_ASSISTANCE","status":"APPOINTED","priority":3,"leadTime":10},{"id":11,"name":"task-for-boris-4","taskType":"CUSTOMER_ASSISTANCE","status":"IN_PROGRESS","priority":4,"leadTime":15},{"id":12,"name":"task-for-boris-5","taskType":"CUSTOMER_ASSISTANCE","status":"IN_PROGRESS","priority":4,"leadTime":15}],"totalLeadTime":95},{"fio":"Tamara","jobTitle":"hall employee","tasks":[{"id":13,"name":"taskA1","taskType":"CUSTOMER_ASSISTANCE","status":"IN_PROGRESS","priority":4,"leadTime":15}],"totalLeadTime":15}]
    Forwarded URL = null
   Redirected URL = null
          Cookies = []
]]></system-out>
  </testcase>
  <testcase name="shouldReturnAllEmployeesAndASCSort" classname="com.onedayoffer.taskdistribution.TaskDistributionApplicationTests" time="0.031">
    <system-out><![CDATA[
MockHttpServletRequest:
      HTTP Method = GET
      Request URI = /employees
       Parameters = {sort=[ASC]}
          Headers = []
             Body = null
    Session Attrs = {}

Handler:
             Type = com.onedayoffer.taskdistribution.controllers.EmployeeController
           Method = com.onedayoffer.taskdistribution.controllers.EmployeeController#getEmployees(String)

Async:
    Async started = false
     Async result = null

Resolved Exception:
             Type = null

ModelAndView:
        View name = null
             View = null
            Model = null

FlashMap:
       Attributes = null

MockHttpServletResponse:
           Status = 200
    Error message = null
          Headers = [Content-Type:"application/json"]
     Content type = application/json
             Body = [{"fio":"Armen","jobTitle":"hall manager","tasks":[{"id":7,"name":"taskA","taskType":"CUSTOMER_ASSISTANCE","status":"IN_PROGRESS","priority":4,"leadTime":15}],"totalLeadTime":15},{"fio":"Boris","jobTitle":"hall employee","tasks":[{"id":8,"name":"task-for-boris-1","taskType":"CUSTOMER_SERVICE","status":"DONE","priority":1,"leadTime":30},{"id":9,"name":"task-for-boris-2","taskType":"ACCEPTANCE_OF_GOODS","status":"DONE","priority":2,"leadTime":25},{"id":10,"name":"task-for-boris-3","taskType":"CUSTOMER_ASSISTANCE","status":"APPOINTED","priority":3,"leadTime":10},{"id":11,"name":"task-for-boris-4","taskType":"CUSTOMER_ASSISTANCE","status":"IN_PROGRESS","priority":4,"leadTime":15},{"id":12,"name":"task-for-boris-5","taskType":"CUSTOMER_ASSISTANCE","status":"IN_PROGRESS","priority":4,"leadTime":15}],"totalLeadTime":95},{"fio":"Mark","jobTitle":"storekeeper","tasks":[{"id":1,"name":"task1","taskType":"ACCEPTANCE_OF_GOODS","status":"APPOINTED","priority":1,"leadTime":30},{"id":2,"name":"task2","taskType":"CUSTOMER_ASSISTANCE","status":"IN_PROGRESS","priority":2,"leadTime":5},{"id":3,"name":"task3","taskType":"INVENTORY","status":"IN_PROGRESS","priority":3,"leadTime":15}],"totalLeadTime":50},{"fio":"Pavel","jobTitle":"cashier","tasks":[{"id":4,"name":"task-aa","taskType":"CUSTOMER_ASSISTANCE","status":"DONE","priority":1,"leadTime":15},{"id":5,"name":"task-bb","taskType":"CUSTOMER_ASSISTANCE","status":"DONE","priority":2,"leadTime":15},{"id":6,"name":"new-task-cc","taskType":"INVENTORY","status":"APPOINTED","priority":1,"leadTime":60}],"totalLeadTime":90},{"fio":"Tamara","jobTitle":"hall employee","tasks":[{"id":13,"name":"taskA1","taskType":"CUSTOMER_ASSISTANCE","status":"IN_PROGRESS","priority":4,"leadTime":15}],"totalLeadTime":15}]
    Forwarded URL = null
   Redirected URL = null
          Cookies = []
]]></system-out>
  </testcase>
  <testcase name="shouldChangeTaskStatus" classname="com.onedayoffer.taskdistribution.TaskDistributionApplicationTests" time="0.038">
    <system-out><![CDATA[
MockHttpServletRequest:
      HTTP Method = GET
      Request URI = /employees/5/tasks
       Parameters = {}
          Headers = []
             Body = null
    Session Attrs = {}

Handler:
             Type = com.onedayoffer.taskdistribution.controllers.EmployeeController
           Method = com.onedayoffer.taskdistribution.controllers.EmployeeController#getTasksByEmployeeId(Integer)

Async:
    Async started = false
     Async result = null

Resolved Exception:
             Type = null

ModelAndView:
        View name = null
             View = null
            Model = null

FlashMap:
       Attributes = null

MockHttpServletResponse:
           Status = 200
    Error message = null
          Headers = [Content-Type:"application/json"]
     Content type = application/json
             Body = [{"id":13,"name":"taskA1","taskType":"CUSTOMER_ASSISTANCE","status":"IN_PROGRESS","priority":4,"leadTime":15}]
    Forwarded URL = null
   Redirected URL = null
          Cookies = []

MockHttpServletRequest:
      HTTP Method = PATCH
      Request URI = /employees/5/tasks/13/status
       Parameters = {newStatus=[DONE]}
          Headers = []
             Body = null
    Session Attrs = {}

Handler:
             Type = com.onedayoffer.taskdistribution.controllers.EmployeeController
           Method = com.onedayoffer.taskdistribution.controllers.EmployeeController#changeTaskStatus(Integer, Integer, String)

Async:
    Async started = false
     Async result = null

Resolved Exception:
             Type = null

ModelAndView:
        View name = null
             View = null
            Model = null

FlashMap:
       Attributes = null

MockHttpServletResponse:
           Status = 200
    Error message = null
          Headers = []
     Content type = null
             Body = 
    Forwarded URL = null
   Redirected URL = null
          Cookies = []

MockHttpServletRequest:
      HTTP Method = GET
      Request URI = /employees/5/tasks
       Parameters = {}
          Headers = []
             Body = null
    Session Attrs = {}

Handler:
             Type = com.onedayoffer.taskdistribution.controllers.EmployeeController
           Method = com.onedayoffer.taskdistribution.controllers.EmployeeController#getTasksByEmployeeId(Integer)

Async:
    Async started = false
     Async result = null

Resolved Exception:
             Type = null

ModelAndView:
        View name = null
             View = null
            Model = null

FlashMap:
       Attributes = null

MockHttpServletResponse:
           Status = 200
    Error message = null
          Headers = [Content-Type:"application/json"]
     Content type = application/json
             Body = [{"id":13,"name":"taskA1","taskType":"CUSTOMER_ASSISTANCE","status":"DONE","priority":4,"leadTime":15}]
    Forwarded URL = null
   Redirected URL = null
          Cookies = []
]]></system-out>
  </testcase>
  <testcase name="shouldPostNewTask" classname="com.onedayoffer.taskdistribution.TaskDistributionApplicationTests" time="0.068">
    <system-out><![CDATA[
MockHttpServletRequest:
      HTTP Method = GET
      Request URI = /employees/2/tasks
       Parameters = {}
          Headers = []
             Body = null
    Session Attrs = {}

Handler:
             Type = com.onedayoffer.taskdistribution.controllers.EmployeeController
           Method = com.onedayoffer.taskdistribution.controllers.EmployeeController#getTasksByEmployeeId(Integer)

Async:
    Async started = false
     Async result = null

Resolved Exception:
             Type = null

ModelAndView:
        View name = null
             View = null
            Model = null

FlashMap:
       Attributes = null

MockHttpServletResponse:
           Status = 200
    Error message = null
          Headers = [Content-Type:"application/json"]
     Content type = application/json
             Body = [{"id":4,"name":"task-aa","taskType":"CUSTOMER_ASSISTANCE","status":"DONE","priority":1,"leadTime":15},{"id":5,"name":"task-bb","taskType":"CUSTOMER_ASSISTANCE","status":"DONE","priority":2,"leadTime":15},{"id":6,"name":"new-task-cc","taskType":"INVENTORY","status":"APPOINTED","priority":1,"leadTime":60}]
    Forwarded URL = null
   Redirected URL = null
          Cookies = []


MockHttpServletRequest:
      HTTP Method = POST
      Request URI = /employees/2/tasks
       Parameters = {}
          Headers = [Content-Type:"application/json;charset=UTF-8", Content-Length:"104"]
             Body = { "name": "new-task-123", "taskType": "INVENTORY", "status": "APPOINTED", "priority": 2, "leadTime": 8 }
    Session Attrs = {}

Handler:
             Type = com.onedayoffer.taskdistribution.controllers.EmployeeController
           Method = com.onedayoffer.taskdistribution.controllers.EmployeeController#postNewTask(Integer, TaskDTO)

Async:
    Async started = false
     Async result = null

Resolved Exception:
             Type = null

ModelAndView:
        View name = null
             View = null
            Model = null

FlashMap:
       Attributes = null

MockHttpServletResponse:
           Status = 201
    Error message = null
          Headers = []
     Content type = null
             Body = 
    Forwarded URL = null
   Redirected URL = null
          Cookies = []

MockHttpServletRequest:
      HTTP Method = GET
      Request URI = /employees/2/tasks
       Parameters = {}
          Headers = []
             Body = null
    Session Attrs = {}

Handler:
             Type = com.onedayoffer.taskdistribution.controllers.EmployeeController
           Method = com.onedayoffer.taskdistribution.controllers.EmployeeController#getTasksByEmployeeId(Integer)

Async:
    Async started = false
     Async result = null

Resolved Exception:
             Type = null

ModelAndView:
        View name = null
             View = null
            Model = null

FlashMap:
       Attributes = null

MockHttpServletResponse:
           Status = 200
    Error message = null
          Headers = [Content-Type:"application/json"]
     Content type = application/json
             Body = [{"id":4,"name":"task-aa","taskType":"CUSTOMER_ASSISTANCE","status":"DONE","priority":1,"leadTime":15},{"id":5,"name":"task-bb","taskType":"CUSTOMER_ASSISTANCE","status":"DONE","priority":2,"leadTime":15},{"id":6,"name":"new-task-cc","taskType":"INVENTORY","status":"APPOINTED","priority":1,"leadTime":60},{"id":14,"name":"new-task-123","taskType":"INVENTORY","status":"APPOINTED","priority":2,"leadTime":8}]
    Forwarded URL = null
   Redirected URL = null
          Cookies = []
]]></system-out>
  </testcase>
  <testcase name="shouldReturnOneEmployee" classname="com.onedayoffer.taskdistribution.TaskDistributionApplicationTests" time="0.007">
    <system-out><![CDATA[
MockHttpServletRequest:
      HTTP Method = GET
      Request URI = /employees/4
       Parameters = {}
          Headers = []
             Body = null
    Session Attrs = {}

Handler:
             Type = com.onedayoffer.taskdistribution.controllers.EmployeeController
           Method = com.onedayoffer.taskdistribution.controllers.EmployeeController#getOneEmployee(Integer)

Async:
    Async started = false
     Async result = null

Resolved Exception:
             Type = null

ModelAndView:
        View name = null
             View = null
            Model = null

FlashMap:
       Attributes = null

MockHttpServletResponse:
           Status = 200
    Error message = null
          Headers = [Content-Type:"application/json"]
     Content type = application/json
             Body = {"fio":"Boris","jobTitle":"hall employee","tasks":[{"id":8,"name":"task-for-boris-1","taskType":"CUSTOMER_SERVICE","status":"DONE","priority":1,"leadTime":30},{"id":9,"name":"task-for-boris-2","taskType":"ACCEPTANCE_OF_GOODS","status":"DONE","priority":2,"leadTime":25},{"id":10,"name":"task-for-boris-3","taskType":"CUSTOMER_ASSISTANCE","status":"APPOINTED","priority":3,"leadTime":10},{"id":11,"name":"task-for-boris-4","taskType":"CUSTOMER_ASSISTANCE","status":"IN_PROGRESS","priority":4,"leadTime":15},{"id":12,"name":"task-for-boris-5","taskType":"CUSTOMER_ASSISTANCE","status":"IN_PROGRESS","priority":4,"leadTime":15}],"totalLeadTime":95}
    Forwarded URL = null
   Redirected URL = null
          Cookies = []
]]></system-out>
  </testcase>
  <testcase name="shouldReturnTasksByEmployeeId" classname="com.onedayoffer.taskdistribution.TaskDistributionApplicationTests" time="0.007">
    <system-out><![CDATA[
MockHttpServletRequest:
      HTTP Method = GET
      Request URI = /employees/4/tasks
       Parameters = {}
          Headers = []
             Body = null
    Session Attrs = {}

Handler:
             Type = com.onedayoffer.taskdistribution.controllers.EmployeeController
           Method = com.onedayoffer.taskdistribution.controllers.EmployeeController#getTasksByEmployeeId(Integer)

Async:
    Async started = false
     Async result = null

Resolved Exception:
             Type = null

ModelAndView:
        View name = null
             View = null
            Model = null

FlashMap:
       Attributes = null

MockHttpServletResponse:
           Status = 200
    Error message = null
          Headers = [Content-Type:"application/json"]
     Content type = application/json
             Body = [{"id":8,"name":"task-for-boris-1","taskType":"CUSTOMER_SERVICE","status":"DONE","priority":1,"leadTime":30},{"id":9,"name":"task-for-boris-2","taskType":"ACCEPTANCE_OF_GOODS","status":"DONE","priority":2,"leadTime":25},{"id":10,"name":"task-for-boris-3","taskType":"CUSTOMER_ASSISTANCE","status":"APPOINTED","priority":3,"leadTime":10},{"id":11,"name":"task-for-boris-4","taskType":"CUSTOMER_ASSISTANCE","status":"IN_PROGRESS","priority":4,"leadTime":15},{"id":12,"name":"task-for-boris-5","taskType":"CUSTOMER_ASSISTANCE","status":"IN_PROGRESS","priority":4,"leadTime":15}]
    Forwarded URL = null
   Redirected URL = null
          Cookies = []
]]></system-out>
  </testcase>
</testsuite>